The system is: Linux - 3.13.0-116-generic - x86_64
Compiling the CXX compiler identification source file "CMakeCXXCompilerId.cpp" succeeded.
Compiler: /usr/bin/c++ 
Build flags: 
Id flags: 

The output was:
0


Compilation of the CXX compiler identification source "CMakeCXXCompilerId.cpp" produced "a.out"

The CXX compiler identification is GNU, found in "/home/lex/Documents/opencv/build/CMakeFiles/2.8.12.2/CompilerIdCXX/a.out"

Compiling the C compiler identification source file "CMakeCCompilerId.c" succeeded.
Compiler: /usr/bin/cc 
Build flags: 
Id flags: 

The output was:
0


Compilation of the C compiler identification source "CMakeCCompilerId.c" produced "a.out"

The C compiler identification is GNU, found in "/home/lex/Documents/opencv/build/CMakeFiles/2.8.12.2/CompilerIdC/a.out"

Determining if the CXX compiler works passed with the following output:
Change Dir: /home/lex/Documents/opencv/build/CMakeFiles/CMakeTmp

Run Build Command:/usr/bin/make "cmTryCompileExec1822746035/fast"
/usr/bin/make -f CMakeFiles/cmTryCompileExec1822746035.dir/build.make CMakeFiles/cmTryCompileExec1822746035.dir/build
make[1]: Entering directory `/home/lex/Documents/opencv/build/CMakeFiles/CMakeTmp'
/usr/bin/cmake -E cmake_progress_report /home/lex/Documents/opencv/build/CMakeFiles/CMakeTmp/CMakeFiles 1
Building CXX object CMakeFiles/cmTryCompileExec1822746035.dir/testCXXCompiler.cxx.o
/usr/bin/c++     -o CMakeFiles/cmTryCompileExec1822746035.dir/testCXXCompiler.cxx.o -c /home/lex/Documents/opencv/build/CMakeFiles/CMakeTmp/testCXXCompiler.cxx
Linking CXX executable cmTryCompileExec1822746035
/usr/bin/cmake -E cmake_link_script CMakeFiles/cmTryCompileExec1822746035.dir/link.txt --verbose=1
/usr/bin/c++        CMakeFiles/cmTryCompileExec1822746035.dir/testCXXCompiler.cxx.o  -o cmTryCompileExec1822746035 -rdynamic 
make[1]: Leaving directory `/home/lex/Documents/opencv/build/CMakeFiles/CMakeTmp'


Detecting CXX compiler ABI info compiled with the following output:
Change Dir: /home/lex/Documents/opencv/build/CMakeFiles/CMakeTmp

Run Build Command:/usr/bin/make "cmTryCompileExec3782786424/fast"
/usr/bin/make -f CMakeFiles/cmTryCompileExec3782786424.dir/build.make CMakeFiles/cmTryCompileExec3782786424.dir/build
make[1]: Entering directory `/home/lex/Documents/opencv/build/CMakeFiles/CMakeTmp'
/usr/bin/cmake -E cmake_progress_report /home/lex/Documents/opencv/build/CMakeFiles/CMakeTmp/CMakeFiles 1
Building CXX object CMakeFiles/cmTryCompileExec3782786424.dir/CMakeCXXCompilerABI.cpp.o
/usr/bin/c++     -o CMakeFiles/cmTryCompileExec3782786424.dir/CMakeCXXCompilerABI.cpp.o -c /usr/share/cmake-2.8/Modules/CMakeCXXCompilerABI.cpp
Linking CXX executable cmTryCompileExec3782786424
/usr/bin/cmake -E cmake_link_script CMakeFiles/cmTryCompileExec3782786424.dir/link.txt --verbose=1
/usr/bin/c++      -v CMakeFiles/cmTryCompileExec3782786424.dir/CMakeCXXCompilerABI.cpp.o  -o cmTryCompileExec3782786424 -rdynamic  
Using built-in specs.
COLLECT_GCC=/usr/bin/c++
COLLECT_LTO_WRAPPER=/usr/lib/gcc/x86_64-linux-gnu/4.8/lto-wrapper
Target: x86_64-linux-gnu
Configured with: ../src/configure -v --with-pkgversion='Ubuntu 4.8.4-2ubuntu1~14.04.3' --with-bugurl=file:///usr/share/doc/gcc-4.8/README.Bugs --enable-languages=c,c++,java,go,d,fortran,objc,obj-c++ --prefix=/usr --program-suffix=-4.8 --enable-shared --enable-linker-build-id --libexecdir=/usr/lib --without-included-gettext --enable-threads=posix --with-gxx-include-dir=/usr/include/c++/4.8 --libdir=/usr/lib --enable-nls --with-sysroot=/ --enable-clocale=gnu --enable-libstdcxx-debug --enable-libstdcxx-time=yes --enable-gnu-unique-object --disable-libmudflap --enable-plugin --with-system-zlib --disable-browser-plugin --enable-java-awt=gtk --enable-gtk-cairo --with-java-home=/usr/lib/jvm/java-1.5.0-gcj-4.8-amd64/jre --enable-java-home --with-jvm-root-dir=/usr/lib/jvm/java-1.5.0-gcj-4.8-amd64 --with-jvm-jar-dir=/usr/lib/jvm-exports/java-1.5.0-gcj-4.8-amd64 --with-arch-directory=amd64 --with-ecj-jar=/usr/share/java/eclipse-ecj.jar --enable-objc-gc --enable-multiarch --disable-werror --with-arch-32=i686 --with-abi=m64 --with-multilib-list=m32,m64,mx32 --with-tune=generic --enable-checking=release --build=x86_64-linux-gnu --host=x86_64-linux-gnu --target=x86_64-linux-gnu
Thread model: posix
gcc version 4.8.4 (Ubuntu 4.8.4-2ubuntu1~14.04.3) 
COMPILER_PATH=/usr/lib/gcc/x86_64-linux-gnu/4.8/:/usr/lib/gcc/x86_64-linux-gnu/4.8/:/usr/lib/gcc/x86_64-linux-gnu/:/usr/lib/gcc/x86_64-linux-gnu/4.8/:/usr/lib/gcc/x86_64-linux-gnu/
LIBRARY_PATH=/usr/lib/gcc/x86_64-linux-gnu/4.8/:/usr/lib/gcc/x86_64-linux-gnu/4.8/../../../x86_64-linux-gnu/:/usr/lib/gcc/x86_64-linux-gnu/4.8/../../../../lib/:/lib/x86_64-linux-gnu/:/lib/../lib/:/usr/lib/x86_64-linux-gnu/:/usr/lib/../lib/:/usr/lib/gcc/x86_64-linux-gnu/4.8/../../../:/lib/:/usr/lib/
COLLECT_GCC_OPTIONS='-v' '-o' 'cmTryCompileExec3782786424' '-rdynamic' '-shared-libgcc' '-mtune=generic' '-march=x86-64'
 /usr/lib/gcc/x86_64-linux-gnu/4.8/collect2 --sysroot=/ --build-id --eh-frame-hdr -m elf_x86_64 --hash-style=gnu --as-needed -export-dynamic -dynamic-linker /lib64/ld-linux-x86-64.so.2 -z relro -o cmTryCompileExec3782786424 /usr/lib/gcc/x86_64-linux-gnu/4.8/../../../x86_64-linux-gnu/crt1.o /usr/lib/gcc/x86_64-linux-gnu/4.8/../../../x86_64-linux-gnu/crti.o /usr/lib/gcc/x86_64-linux-gnu/4.8/crtbegin.o -L/usr/lib/gcc/x86_64-linux-gnu/4.8 -L/usr/lib/gcc/x86_64-linux-gnu/4.8/../../../x86_64-linux-gnu -L/usr/lib/gcc/x86_64-linux-gnu/4.8/../../../../lib -L/lib/x86_64-linux-gnu -L/lib/../lib -L/usr/lib/x86_64-linux-gnu -L/usr/lib/../lib -L/usr/lib/gcc/x86_64-linux-gnu/4.8/../../.. CMakeFiles/cmTryCompileExec3782786424.dir/CMakeCXXCompilerABI.cpp.o -lstdc++ -lm -lgcc_s -lgcc -lc -lgcc_s -lgcc /usr/lib/gcc/x86_64-linux-gnu/4.8/crtend.o /usr/lib/gcc/x86_64-linux-gnu/4.8/../../../x86_64-linux-gnu/crtn.o
make[1]: Leaving directory `/home/lex/Documents/opencv/build/CMakeFiles/CMakeTmp'


Parsed CXX implicit link information from above output:
  link line regex: [^( *|.*[/\])(ld|([^/\]+-)?ld|collect2)[^/\]*( |$)]
  ignore line: [Change Dir: /home/lex/Documents/opencv/build/CMakeFiles/CMakeTmp]
  ignore line: []
  ignore line: [Run Build Command:/usr/bin/make "cmTryCompileExec3782786424/fast"]
  ignore line: [/usr/bin/make -f CMakeFiles/cmTryCompileExec3782786424.dir/build.make CMakeFiles/cmTryCompileExec3782786424.dir/build]
  ignore line: [make[1]: Entering directory `/home/lex/Documents/opencv/build/CMakeFiles/CMakeTmp']
  ignore line: [/usr/bin/cmake -E cmake_progress_report /home/lex/Documents/opencv/build/CMakeFiles/CMakeTmp/CMakeFiles 1]
  ignore line: [Building CXX object CMakeFiles/cmTryCompileExec3782786424.dir/CMakeCXXCompilerABI.cpp.o]
  ignore line: [/usr/bin/c++     -o CMakeFiles/cmTryCompileExec3782786424.dir/CMakeCXXCompilerABI.cpp.o -c /usr/share/cmake-2.8/Modules/CMakeCXXCompilerABI.cpp]
  ignore line: [Linking CXX executable cmTryCompileExec3782786424]
  ignore line: [/usr/bin/cmake -E cmake_link_script CMakeFiles/cmTryCompileExec3782786424.dir/link.txt --verbose=1]
  ignore line: [/usr/bin/c++      -v CMakeFiles/cmTryCompileExec3782786424.dir/CMakeCXXCompilerABI.cpp.o  -o cmTryCompileExec3782786424 -rdynamic  ]
  ignore line: [Using built-in specs.]
  ignore line: [COLLECT_GCC=/usr/bin/c++]
  ignore line: [COLLECT_LTO_WRAPPER=/usr/lib/gcc/x86_64-linux-gnu/4.8/lto-wrapper]
  ignore line: [Target: x86_64-linux-gnu]
  ignore line: [Configured with: ../src/configure -v --with-pkgversion='Ubuntu 4.8.4-2ubuntu1~14.04.3' --with-bugurl=file:///usr/share/doc/gcc-4.8/README.Bugs --enable-languages=c,c++,java,go,d,fortran,objc,obj-c++ --prefix=/usr --program-suffix=-4.8 --enable-shared --enable-linker-build-id --libexecdir=/usr/lib --without-included-gettext --enable-threads=posix --with-gxx-include-dir=/usr/include/c++/4.8 --libdir=/usr/lib --enable-nls --with-sysroot=/ --enable-clocale=gnu --enable-libstdcxx-debug --enable-libstdcxx-time=yes --enable-gnu-unique-object --disable-libmudflap --enable-plugin --with-system-zlib --disable-browser-plugin --enable-java-awt=gtk --enable-gtk-cairo --with-java-home=/usr/lib/jvm/java-1.5.0-gcj-4.8-amd64/jre --enable-java-home --with-jvm-root-dir=/usr/lib/jvm/java-1.5.0-gcj-4.8-amd64 --with-jvm-jar-dir=/usr/lib/jvm-exports/java-1.5.0-gcj-4.8-amd64 --with-arch-directory=amd64 --with-ecj-jar=/usr/share/java/eclipse-ecj.jar --enable-objc-gc --enable-multiarch --disable-werror --with-arch-32=i686 --with-abi=m64 --with-multilib-list=m32,m64,mx32 --with-tune=generic --enable-checking=release --build=x86_64-linux-gnu --host=x86_64-linux-gnu --target=x86_64-linux-gnu]
  ignore line: [Thread model: posix]
  ignore line: [gcc version 4.8.4 (Ubuntu 4.8.4-2ubuntu1~14.04.3) ]
  ignore line: [COMPILER_PATH=/usr/lib/gcc/x86_64-linux-gnu/4.8/:/usr/lib/gcc/x86_64-linux-gnu/4.8/:/usr/lib/gcc/x86_64-linux-gnu/:/usr/lib/gcc/x86_64-linux-gnu/4.8/:/usr/lib/gcc/x86_64-linux-gnu/]
  ignore line: [LIBRARY_PATH=/usr/lib/gcc/x86_64-linux-gnu/4.8/:/usr/lib/gcc/x86_64-linux-gnu/4.8/../../../x86_64-linux-gnu/:/usr/lib/gcc/x86_64-linux-gnu/4.8/../../../../lib/:/lib/x86_64-linux-gnu/:/lib/../lib/:/usr/lib/x86_64-linux-gnu/:/usr/lib/../lib/:/usr/lib/gcc/x86_64-linux-gnu/4.8/../../../:/lib/:/usr/lib/]
  ignore line: [COLLECT_GCC_OPTIONS='-v' '-o' 'cmTryCompileExec3782786424' '-rdynamic' '-shared-libgcc' '-mtune=generic' '-march=x86-64']
  link line: [ /usr/lib/gcc/x86_64-linux-gnu/4.8/collect2 --sysroot=/ --build-id --eh-frame-hdr -m elf_x86_64 --hash-style=gnu --as-needed -export-dynamic -dynamic-linker /lib64/ld-linux-x86-64.so.2 -z relro -o cmTryCompileExec3782786424 /usr/lib/gcc/x86_64-linux-gnu/4.8/../../../x86_64-linux-gnu/crt1.o /usr/lib/gcc/x86_64-linux-gnu/4.8/../../../x86_64-linux-gnu/crti.o /usr/lib/gcc/x86_64-linux-gnu/4.8/crtbegin.o -L/usr/lib/gcc/x86_64-linux-gnu/4.8 -L/usr/lib/gcc/x86_64-linux-gnu/4.8/../../../x86_64-linux-gnu -L/usr/lib/gcc/x86_64-linux-gnu/4.8/../../../../lib -L/lib/x86_64-linux-gnu -L/lib/../lib -L/usr/lib/x86_64-linux-gnu -L/usr/lib/../lib -L/usr/lib/gcc/x86_64-linux-gnu/4.8/../../.. CMakeFiles/cmTryCompileExec3782786424.dir/CMakeCXXCompilerABI.cpp.o -lstdc++ -lm -lgcc_s -lgcc -lc -lgcc_s -lgcc /usr/lib/gcc/x86_64-linux-gnu/4.8/crtend.o /usr/lib/gcc/x86_64-linux-gnu/4.8/../../../x86_64-linux-gnu/crtn.o]
    arg [/usr/lib/gcc/x86_64-linux-gnu/4.8/collect2] ==> ignore
    arg [--sysroot=/] ==> ignore
    arg [--build-id] ==> ignore
    arg [--eh-frame-hdr] ==> ignore
    arg [-m] ==> ignore
    arg [elf_x86_64] ==> ignore
    arg [--hash-style=gnu] ==> ignore
    arg [--as-needed] ==> ignore
    arg [-export-dynamic] ==> ignore
    arg [-dynamic-linker] ==> ignore
    arg [/lib64/ld-linux-x86-64.so.2] ==> ignore
    arg [-zrelro] ==> ignore
    arg [-o] ==> ignore
    arg [cmTryCompileExec3782786424] ==> ignore
    arg [/usr/lib/gcc/x86_64-linux-gnu/4.8/../../../x86_64-linux-gnu/crt1.o] ==> ignore
    arg [/usr/lib/gcc/x86_64-linux-gnu/4.8/../../../x86_64-linux-gnu/crti.o] ==> ignore
    arg [/usr/lib/gcc/x86_64-linux-gnu/4.8/crtbegin.o] ==> ignore
    arg [-L/usr/lib/gcc/x86_64-linux-gnu/4.8] ==> dir [/usr/lib/gcc/x86_64-linux-gnu/4.8]
    arg [-L/usr/lib/gcc/x86_64-linux-gnu/4.8/../../../x86_64-linux-gnu] ==> dir [/usr/lib/gcc/x86_64-linux-gnu/4.8/../../../x86_64-linux-gnu]
    arg [-L/usr/lib/gcc/x86_64-linux-gnu/4.8/../../../../lib] ==> dir [/usr/lib/gcc/x86_64-linux-gnu/4.8/../../../../lib]
    arg [-L/lib/x86_64-linux-gnu] ==> dir [/lib/x86_64-linux-gnu]
    arg [-L/lib/../lib] ==> dir [/lib/../lib]
    arg [-L/usr/lib/x86_64-linux-gnu] ==> dir [/usr/lib/x86_64-linux-gnu]
    arg [-L/usr/lib/../lib] ==> dir [/usr/lib/../lib]
    arg [-L/usr/lib/gcc/x86_64-linux-gnu/4.8/../../..] ==> dir [/usr/lib/gcc/x86_64-linux-gnu/4.8/../../..]
    arg [CMakeFiles/cmTryCompileExec3782786424.dir/CMakeCXXCompilerABI.cpp.o] ==> ignore
    arg [-lstdc++] ==> lib [stdc++]
    arg [-lm] ==> lib [m]
    arg [-lgcc_s] ==> lib [gcc_s]
    arg [-lgcc] ==> lib [gcc]
    arg [-lc] ==> lib [c]
    arg [-lgcc_s] ==> lib [gcc_s]
    arg [-lgcc] ==> lib [gcc]
    arg [/usr/lib/gcc/x86_64-linux-gnu/4.8/crtend.o] ==> ignore
    arg [/usr/lib/gcc/x86_64-linux-gnu/4.8/../../../x86_64-linux-gnu/crtn.o] ==> ignore
  remove lib [gcc_s]
  remove lib [gcc]
  remove lib [gcc_s]
  remove lib [gcc]
  collapse library dir [/usr/lib/gcc/x86_64-linux-gnu/4.8] ==> [/usr/lib/gcc/x86_64-linux-gnu/4.8]
  collapse library dir [/usr/lib/gcc/x86_64-linux-gnu/4.8/../../../x86_64-linux-gnu] ==> [/usr/lib/x86_64-linux-gnu]
  collapse library dir [/usr/lib/gcc/x86_64-linux-gnu/4.8/../../../../lib] ==> [/usr/lib]
  collapse library dir [/lib/x86_64-linux-gnu] ==> [/lib/x86_64-linux-gnu]
  collapse library dir [/lib/../lib] ==> [/lib]
  collapse library dir [/usr/lib/x86_64-linux-gnu] ==> [/usr/lib/x86_64-linux-gnu]
  collapse library dir [/usr/lib/../lib] ==> [/usr/lib]
  collapse library dir [/usr/lib/gcc/x86_64-linux-gnu/4.8/../../..] ==> [/usr/lib]
  implicit libs: [stdc++;m;c]
  implicit dirs: [/usr/lib/gcc/x86_64-linux-gnu/4.8;/usr/lib/x86_64-linux-gnu;/usr/lib;/lib/x86_64-linux-gnu;/lib]
  implicit fwks: []


Determining if the C compiler works passed with the following output:
Change Dir: /home/lex/Documents/opencv/build/CMakeFiles/CMakeTmp

Run Build Command:/usr/bin/make "cmTryCompileExec3961247985/fast"
/usr/bin/make -f CMakeFiles/cmTryCompileExec3961247985.dir/build.make CMakeFiles/cmTryCompileExec3961247985.dir/build
make[1]: Entering directory `/home/lex/Documents/opencv/build/CMakeFiles/CMakeTmp'
/usr/bin/cmake -E cmake_progress_report /home/lex/Documents/opencv/build/CMakeFiles/CMakeTmp/CMakeFiles 1
Building C object CMakeFiles/cmTryCompileExec3961247985.dir/testCCompiler.c.o
/usr/bin/cc    -o CMakeFiles/cmTryCompileExec3961247985.dir/testCCompiler.c.o   -c /home/lex/Documents/opencv/build/CMakeFiles/CMakeTmp/testCCompiler.c
Linking C executable cmTryCompileExec3961247985
/usr/bin/cmake -E cmake_link_script CMakeFiles/cmTryCompileExec3961247985.dir/link.txt --verbose=1
/usr/bin/cc       CMakeFiles/cmTryCompileExec3961247985.dir/testCCompiler.c.o  -o cmTryCompileExec3961247985 -rdynamic 
make[1]: Leaving directory `/home/lex/Documents/opencv/build/CMakeFiles/CMakeTmp'


Detecting C compiler ABI info compiled with the following output:
Change Dir: /home/lex/Documents/opencv/build/CMakeFiles/CMakeTmp

Run Build Command:/usr/bin/make "cmTryCompileExec3299806583/fast"
/usr/bin/make -f CMakeFiles/cmTryCompileExec3299806583.dir/build.make CMakeFiles/cmTryCompileExec3299806583.dir/build
make[1]: Entering directory `/home/lex/Documents/opencv/build/CMakeFiles/CMakeTmp'
/usr/bin/cmake -E cmake_progress_report /home/lex/Documents/opencv/build/CMakeFiles/CMakeTmp/CMakeFiles 1
Building C object CMakeFiles/cmTryCompileExec3299806583.dir/CMakeCCompilerABI.c.o
/usr/bin/cc    -o CMakeFiles/cmTryCompileExec3299806583.dir/CMakeCCompilerABI.c.o   -c /usr/share/cmake-2.8/Modules/CMakeCCompilerABI.c
Linking C executable cmTryCompileExec3299806583
/usr/bin/cmake -E cmake_link_script CMakeFiles/cmTryCompileExec3299806583.dir/link.txt --verbose=1
/usr/bin/cc     -v CMakeFiles/cmTryCompileExec3299806583.dir/CMakeCCompilerABI.c.o  -o cmTryCompileExec3299806583 -rdynamic  
Using built-in specs.
COLLECT_GCC=/usr/bin/cc
COLLECT_LTO_WRAPPER=/usr/lib/gcc/x86_64-linux-gnu/4.8/lto-wrapper
Target: x86_64-linux-gnu
Configured with: ../src/configure -v --with-pkgversion='Ubuntu 4.8.4-2ubuntu1~14.04.3' --with-bugurl=file:///usr/share/doc/gcc-4.8/README.Bugs --enable-languages=c,c++,java,go,d,fortran,objc,obj-c++ --prefix=/usr --program-suffix=-4.8 --enable-shared --enable-linker-build-id --libexecdir=/usr/lib --without-included-gettext --enable-threads=posix --with-gxx-include-dir=/usr/include/c++/4.8 --libdir=/usr/lib --enable-nls --with-sysroot=/ --enable-clocale=gnu --enable-libstdcxx-debug --enable-libstdcxx-time=yes --enable-gnu-unique-object --disable-libmudflap --enable-plugin --with-system-zlib --disable-browser-plugin --enable-java-awt=gtk --enable-gtk-cairo --with-java-home=/usr/lib/jvm/java-1.5.0-gcj-4.8-amd64/jre --enable-java-home --with-jvm-root-dir=/usr/lib/jvm/java-1.5.0-gcj-4.8-amd64 --with-jvm-jar-dir=/usr/lib/jvm-exports/java-1.5.0-gcj-4.8-amd64 --with-arch-directory=amd64 --with-ecj-jar=/usr/share/java/eclipse-ecj.jar --enable-objc-gc --enable-multiarch --disable-werror --with-arch-32=i686 --with-abi=m64 --with-multilib-list=m32,m64,mx32 --with-tune=generic --enable-checking=release --build=x86_64-linux-gnu --host=x86_64-linux-gnu --target=x86_64-linux-gnu
Thread model: posix
gcc version 4.8.4 (Ubuntu 4.8.4-2ubuntu1~14.04.3) 
COMPILER_PATH=/usr/lib/gcc/x86_64-linux-gnu/4.8/:/usr/lib/gcc/x86_64-linux-gnu/4.8/:/usr/lib/gcc/x86_64-linux-gnu/:/usr/lib/gcc/x86_64-linux-gnu/4.8/:/usr/lib/gcc/x86_64-linux-gnu/
LIBRARY_PATH=/usr/lib/gcc/x86_64-linux-gnu/4.8/:/usr/lib/gcc/x86_64-linux-gnu/4.8/../../../x86_64-linux-gnu/:/usr/lib/gcc/x86_64-linux-gnu/4.8/../../../../lib/:/lib/x86_64-linux-gnu/:/lib/../lib/:/usr/lib/x86_64-linux-gnu/:/usr/lib/../lib/:/usr/lib/gcc/x86_64-linux-gnu/4.8/../../../:/lib/:/usr/lib/
COLLECT_GCC_OPTIONS='-v' '-o' 'cmTryCompileExec3299806583' '-rdynamic' '-mtune=generic' '-march=x86-64'
 /usr/lib/gcc/x86_64-linux-gnu/4.8/collect2 --sysroot=/ --build-id --eh-frame-hdr -m elf_x86_64 --hash-style=gnu --as-needed -export-dynamic -dynamic-linker /lib64/ld-linux-x86-64.so.2 -z relro -o cmTryCompileExec3299806583 /usr/lib/gcc/x86_64-linux-gnu/4.8/../../../x86_64-linux-gnu/crt1.o /usr/lib/gcc/x86_64-linux-gnu/4.8/../../../x86_64-linux-gnu/crti.o /usr/lib/gcc/x86_64-linux-gnu/4.8/crtbegin.o -L/usr/lib/gcc/x86_64-linux-gnu/4.8 -L/usr/lib/gcc/x86_64-linux-gnu/4.8/../../../x86_64-linux-gnu -L/usr/lib/gcc/x86_64-linux-gnu/4.8/../../../../lib -L/lib/x86_64-linux-gnu -L/lib/../lib -L/usr/lib/x86_64-linux-gnu -L/usr/lib/../lib -L/usr/lib/gcc/x86_64-linux-gnu/4.8/../../.. CMakeFiles/cmTryCompileExec3299806583.dir/CMakeCCompilerABI.c.o -lgcc --as-needed -lgcc_s --no-as-needed -lc -lgcc --as-needed -lgcc_s --no-as-needed /usr/lib/gcc/x86_64-linux-gnu/4.8/crtend.o /usr/lib/gcc/x86_64-linux-gnu/4.8/../../../x86_64-linux-gnu/crtn.o
make[1]: Leaving directory `/home/lex/Documents/opencv/build/CMakeFiles/CMakeTmp'


Parsed C implicit link information from above output:
  link line regex: [^( *|.*[/\])(ld|([^/\]+-)?ld|collect2)[^/\]*( |$)]
  ignore line: [Change Dir: /home/lex/Documents/opencv/build/CMakeFiles/CMakeTmp]
  ignore line: []
  ignore line: [Run Build Command:/usr/bin/make "cmTryCompileExec3299806583/fast"]
  ignore line: [/usr/bin/make -f CMakeFiles/cmTryCompileExec3299806583.dir/build.make CMakeFiles/cmTryCompileExec3299806583.dir/build]
  ignore line: [make[1]: Entering directory `/home/lex/Documents/opencv/build/CMakeFiles/CMakeTmp']
  ignore line: [/usr/bin/cmake -E cmake_progress_report /home/lex/Documents/opencv/build/CMakeFiles/CMakeTmp/CMakeFiles 1]
  ignore line: [Building C object CMakeFiles/cmTryCompileExec3299806583.dir/CMakeCCompilerABI.c.o]
  ignore line: [/usr/bin/cc    -o CMakeFiles/cmTryCompileExec3299806583.dir/CMakeCCompilerABI.c.o   -c /usr/share/cmake-2.8/Modules/CMakeCCompilerABI.c]
  ignore line: [Linking C executable cmTryCompileExec3299806583]
  ignore line: [/usr/bin/cmake -E cmake_link_script CMakeFiles/cmTryCompileExec3299806583.dir/link.txt --verbose=1]
  ignore line: [/usr/bin/cc     -v CMakeFiles/cmTryCompileExec3299806583.dir/CMakeCCompilerABI.c.o  -o cmTryCompileExec3299806583 -rdynamic  ]
  ignore line: [Using built-in specs.]
  ignore line: [COLLECT_GCC=/usr/bin/cc]
  ignore line: [COLLECT_LTO_WRAPPER=/usr/lib/gcc/x86_64-linux-gnu/4.8/lto-wrapper]
  ignore line: [Target: x86_64-linux-gnu]
  ignore line: [Configured with: ../src/configure -v --with-pkgversion='Ubuntu 4.8.4-2ubuntu1~14.04.3' --with-bugurl=file:///usr/share/doc/gcc-4.8/README.Bugs --enable-languages=c,c++,java,go,d,fortran,objc,obj-c++ --prefix=/usr --program-suffix=-4.8 --enable-shared --enable-linker-build-id --libexecdir=/usr/lib --without-included-gettext --enable-threads=posix --with-gxx-include-dir=/usr/include/c++/4.8 --libdir=/usr/lib --enable-nls --with-sysroot=/ --enable-clocale=gnu --enable-libstdcxx-debug --enable-libstdcxx-time=yes --enable-gnu-unique-object --disable-libmudflap --enable-plugin --with-system-zlib --disable-browser-plugin --enable-java-awt=gtk --enable-gtk-cairo --with-java-home=/usr/lib/jvm/java-1.5.0-gcj-4.8-amd64/jre --enable-java-home --with-jvm-root-dir=/usr/lib/jvm/java-1.5.0-gcj-4.8-amd64 --with-jvm-jar-dir=/usr/lib/jvm-exports/java-1.5.0-gcj-4.8-amd64 --with-arch-directory=amd64 --with-ecj-jar=/usr/share/java/eclipse-ecj.jar --enable-objc-gc --enable-multiarch --disable-werror --with-arch-32=i686 --with-abi=m64 --with-multilib-list=m32,m64,mx32 --with-tune=generic --enable-checking=release --build=x86_64-linux-gnu --host=x86_64-linux-gnu --target=x86_64-linux-gnu]
  ignore line: [Thread model: posix]
  ignore line: [gcc version 4.8.4 (Ubuntu 4.8.4-2ubuntu1~14.04.3) ]
  ignore line: [COMPILER_PATH=/usr/lib/gcc/x86_64-linux-gnu/4.8/:/usr/lib/gcc/x86_64-linux-gnu/4.8/:/usr/lib/gcc/x86_64-linux-gnu/:/usr/lib/gcc/x86_64-linux-gnu/4.8/:/usr/lib/gcc/x86_64-linux-gnu/]
  ignore line: [LIBRARY_PATH=/usr/lib/gcc/x86_64-linux-gnu/4.8/:/usr/lib/gcc/x86_64-linux-gnu/4.8/../../../x86_64-linux-gnu/:/usr/lib/gcc/x86_64-linux-gnu/4.8/../../../../lib/:/lib/x86_64-linux-gnu/:/lib/../lib/:/usr/lib/x86_64-linux-gnu/:/usr/lib/../lib/:/usr/lib/gcc/x86_64-linux-gnu/4.8/../../../:/lib/:/usr/lib/]
  ignore line: [COLLECT_GCC_OPTIONS='-v' '-o' 'cmTryCompileExec3299806583' '-rdynamic' '-mtune=generic' '-march=x86-64']
  link line: [ /usr/lib/gcc/x86_64-linux-gnu/4.8/collect2 --sysroot=/ --build-id --eh-frame-hdr -m elf_x86_64 --hash-style=gnu --as-needed -export-dynamic -dynamic-linker /lib64/ld-linux-x86-64.so.2 -z relro -o cmTryCompileExec3299806583 /usr/lib/gcc/x86_64-linux-gnu/4.8/../../../x86_64-linux-gnu/crt1.o /usr/lib/gcc/x86_64-linux-gnu/4.8/../../../x86_64-linux-gnu/crti.o /usr/lib/gcc/x86_64-linux-gnu/4.8/crtbegin.o -L/usr/lib/gcc/x86_64-linux-gnu/4.8 -L/usr/lib/gcc/x86_64-linux-gnu/4.8/../../../x86_64-linux-gnu -L/usr/lib/gcc/x86_64-linux-gnu/4.8/../../../../lib -L/lib/x86_64-linux-gnu -L/lib/../lib -L/usr/lib/x86_64-linux-gnu -L/usr/lib/../lib -L/usr/lib/gcc/x86_64-linux-gnu/4.8/../../.. CMakeFiles/cmTryCompileExec3299806583.dir/CMakeCCompilerABI.c.o -lgcc --as-needed -lgcc_s --no-as-needed -lc -lgcc --as-needed -lgcc_s --no-as-needed /usr/lib/gcc/x86_64-linux-gnu/4.8/crtend.o /usr/lib/gcc/x86_64-linux-gnu/4.8/../../../x86_64-linux-gnu/crtn.o]
    arg [/usr/lib/gcc/x86_64-linux-gnu/4.8/collect2] ==> ignore
    arg [--sysroot=/] ==> ignore
    arg [--build-id] ==> ignore
    arg [--eh-frame-hdr] ==> ignore
    arg [-m] ==> ignore
    arg [elf_x86_64] ==> ignore
    arg [--hash-style=gnu] ==> ignore
    arg [--as-needed] ==> ignore
    arg [-export-dynamic] ==> ignore
    arg [-dynamic-linker] ==> ignore
    arg [/lib64/ld-linux-x86-64.so.2] ==> ignore
    arg [-zrelro] ==> ignore
    arg [-o] ==> ignore
    arg [cmTryCompileExec3299806583] ==> ignore
    arg [/usr/lib/gcc/x86_64-linux-gnu/4.8/../../../x86_64-linux-gnu/crt1.o] ==> ignore
    arg [/usr/lib/gcc/x86_64-linux-gnu/4.8/../../../x86_64-linux-gnu/crti.o] ==> ignore
    arg [/usr/lib/gcc/x86_64-linux-gnu/4.8/crtbegin.o] ==> ignore
    arg [-L/usr/lib/gcc/x86_64-linux-gnu/4.8] ==> dir [/usr/lib/gcc/x86_64-linux-gnu/4.8]
    arg [-L/usr/lib/gcc/x86_64-linux-gnu/4.8/../../../x86_64-linux-gnu] ==> dir [/usr/lib/gcc/x86_64-linux-gnu/4.8/../../../x86_64-linux-gnu]
    arg [-L/usr/lib/gcc/x86_64-linux-gnu/4.8/../../../../lib] ==> dir [/usr/lib/gcc/x86_64-linux-gnu/4.8/../../../../lib]
    arg [-L/lib/x86_64-linux-gnu] ==> dir [/lib/x86_64-linux-gnu]
    arg [-L/lib/../lib] ==> dir [/lib/../lib]
    arg [-L/usr/lib/x86_64-linux-gnu] ==> dir [/usr/lib/x86_64-linux-gnu]
    arg [-L/usr/lib/../lib] ==> dir [/usr/lib/../lib]
    arg [-L/usr/lib/gcc/x86_64-linux-gnu/4.8/../../..] ==> dir [/usr/lib/gcc/x86_64-linux-gnu/4.8/../../..]
    arg [CMakeFiles/cmTryCompileExec3299806583.dir/CMakeCCompilerABI.c.o] ==> ignore
    arg [-lgcc] ==> lib [gcc]
    arg [--as-needed] ==> ignore
    arg [-lgcc_s] ==> lib [gcc_s]
    arg [--no-as-needed] ==> ignore
    arg [-lc] ==> lib [c]
    arg [-lgcc] ==> lib [gcc]
    arg [--as-needed] ==> ignore
    arg [-lgcc_s] ==> lib [gcc_s]
    arg [--no-as-needed] ==> ignore
    arg [/usr/lib/gcc/x86_64-linux-gnu/4.8/crtend.o] ==> ignore
    arg [/usr/lib/gcc/x86_64-linux-gnu/4.8/../../../x86_64-linux-gnu/crtn.o] ==> ignore
  remove lib [gcc]
  remove lib [gcc_s]
  remove lib [gcc]
  remove lib [gcc_s]
  collapse library dir [/usr/lib/gcc/x86_64-linux-gnu/4.8] ==> [/usr/lib/gcc/x86_64-linux-gnu/4.8]
  collapse library dir [/usr/lib/gcc/x86_64-linux-gnu/4.8/../../../x86_64-linux-gnu] ==> [/usr/lib/x86_64-linux-gnu]
  collapse library dir [/usr/lib/gcc/x86_64-linux-gnu/4.8/../../../../lib] ==> [/usr/lib]
  collapse library dir [/lib/x86_64-linux-gnu] ==> [/lib/x86_64-linux-gnu]
  collapse library dir [/lib/../lib] ==> [/lib]
  collapse library dir [/usr/lib/x86_64-linux-gnu] ==> [/usr/lib/x86_64-linux-gnu]
  collapse library dir [/usr/lib/../lib] ==> [/usr/lib]
  collapse library dir [/usr/lib/gcc/x86_64-linux-gnu/4.8/../../..] ==> [/usr/lib]
  implicit libs: [c]
  implicit dirs: [/usr/lib/gcc/x86_64-linux-gnu/4.8;/usr/lib/x86_64-linux-gnu;/usr/lib;/lib/x86_64-linux-gnu;/lib]
  implicit fwks: []


Determining if the include file pthread.h exists passed with the following output:
Change Dir: /home/lex/Documents/opencv/build/CMakeFiles/CMakeTmp

Run Build Command:/usr/bin/make "cmTryCompileExec1328010142/fast"
/usr/bin/make -f CMakeFiles/cmTryCompileExec1328010142.dir/build.make CMakeFiles/cmTryCompileExec1328010142.dir/build
make[1]: Entering directory `/home/lex/Documents/opencv/build/CMakeFiles/CMakeTmp'
/usr/bin/cmake -E cmake_progress_report /home/lex/Documents/opencv/build/CMakeFiles/CMakeTmp/CMakeFiles 1
Building C object CMakeFiles/cmTryCompileExec1328010142.dir/CheckIncludeFile.c.o
/usr/bin/cc   -fsigned-char -W -Wall -Werror=return-type -Werror=address -Werror=sequence-point -Wformat -Werror=format-security -Wmissing-declarations -Wmissing-prototypes -Wstrict-prototypes -Wundef -Winit-self -Wpointer-arith -Wshadow -Wno-narrowing -Wno-array-bounds -Wno-aggressive-loop-optimizations -fdiagnostics-show-option -Wno-long-long -pthread -fomit-frame-pointer -ffast-math -msse -msse2 -msse3 -ffunction-sections  -O3 -DNDEBUG   -o CMakeFiles/cmTryCompileExec1328010142.dir/CheckIncludeFile.c.o   -c /home/lex/Documents/opencv/build/CMakeFiles/CMakeTmp/CheckIncludeFile.c
Linking C executable cmTryCompileExec1328010142
/usr/bin/cmake -E cmake_link_script CMakeFiles/cmTryCompileExec1328010142.dir/link.txt --verbose=1
/usr/bin/cc     -fsigned-char -W -Wall -Werror=return-type -Werror=address -Werror=sequence-point -Wformat -Werror=format-security -Wmissing-declarations -Wmissing-prototypes -Wstrict-prototypes -Wundef -Winit-self -Wpointer-arith -Wshadow -Wno-narrowing -Wno-array-bounds -Wno-aggressive-loop-optimizations -fdiagnostics-show-option -Wno-long-long -pthread -fomit-frame-pointer -ffast-math -msse -msse2 -msse3 -ffunction-sections  -O3 -DNDEBUG    CMakeFiles/cmTryCompileExec1328010142.dir/CheckIncludeFile.c.o  -o cmTryCompileExec1328010142 -rdynamic 
make[1]: Leaving directory `/home/lex/Documents/opencv/build/CMakeFiles/CMakeTmp'


Determining if the include file sys/types.h exists passed with the following output:
Change Dir: /home/lex/Documents/opencv/build/CMakeFiles/CMakeTmp

Run Build Command:/usr/bin/make "cmTryCompileExec2108224884/fast"
/usr/bin/make -f CMakeFiles/cmTryCompileExec2108224884.dir/build.make CMakeFiles/cmTryCompileExec2108224884.dir/build
make[1]: Entering directory `/home/lex/Documents/opencv/build/CMakeFiles/CMakeTmp'
/usr/bin/cmake -E cmake_progress_report /home/lex/Documents/opencv/build/CMakeFiles/CMakeTmp/CMakeFiles 1
Building C object CMakeFiles/cmTryCompileExec2108224884.dir/CheckIncludeFile.c.o
/usr/bin/cc   -fsigned-char -W -Wall -Werror=return-type -Werror=address -Werror=sequence-point -Wformat -Werror=format-security -Wmissing-declarations -Wmissing-prototypes -Wstrict-prototypes -Wundef -Winit-self -Wpointer-arith -Wshadow -Wno-narrowing -Wno-array-bounds -Wno-aggressive-loop-optimizations -fdiagnostics-show-option -Wno-long-long -pthread -fomit-frame-pointer -ffast-math -msse -msse2 -msse3 -ffunction-sections  -O3 -DNDEBUG   -o CMakeFiles/cmTryCompileExec2108224884.dir/CheckIncludeFile.c.o   -c /home/lex/Documents/opencv/build/CMakeFiles/CMakeTmp/CheckIncludeFile.c
Linking C executable cmTryCompileExec2108224884
/usr/bin/cmake -E cmake_link_script CMakeFiles/cmTryCompileExec2108224884.dir/link.txt --verbose=1
/usr/bin/cc     -fsigned-char -W -Wall -Werror=return-type -Werror=address -Werror=sequence-point -Wformat -Werror=format-security -Wmissing-declarations -Wmissing-prototypes -Wstrict-prototypes -Wundef -Winit-self -Wpointer-arith -Wshadow -Wno-narrowing -Wno-array-bounds -Wno-aggressive-loop-optimizations -fdiagnostics-show-option -Wno-long-long -pthread -fomit-frame-pointer -ffast-math -msse -msse2 -msse3 -ffunction-sections  -O3 -DNDEBUG    CMakeFiles/cmTryCompileExec2108224884.dir/CheckIncludeFile.c.o  -o cmTryCompileExec2108224884 -rdynamic 
make[1]: Leaving directory `/home/lex/Documents/opencv/build/CMakeFiles/CMakeTmp'


Determining if the include file stdint.h exists passed with the following output:
Change Dir: /home/lex/Documents/opencv/build/CMakeFiles/CMakeTmp

Run Build Command:/usr/bin/make "cmTryCompileExec3865094740/fast"
/usr/bin/make -f CMakeFiles/cmTryCompileExec3865094740.dir/build.make CMakeFiles/cmTryCompileExec3865094740.dir/build
make[1]: Entering directory `/home/lex/Documents/opencv/build/CMakeFiles/CMakeTmp'
/usr/bin/cmake -E cmake_progress_report /home/lex/Documents/opencv/build/CMakeFiles/CMakeTmp/CMakeFiles 1
Building C object CMakeFiles/cmTryCompileExec3865094740.dir/CheckIncludeFile.c.o
/usr/bin/cc   -fsigned-char -W -Wall -Werror=return-type -Werror=address -Werror=sequence-point -Wformat -Werror=format-security -Wmissing-declarations -Wmissing-prototypes -Wstrict-prototypes -Wundef -Winit-self -Wpointer-arith -Wshadow -Wno-narrowing -Wno-array-bounds -Wno-aggressive-loop-optimizations -fdiagnostics-show-option -Wno-long-long -pthread -fomit-frame-pointer -ffast-math -msse -msse2 -msse3 -ffunction-sections  -O3 -DNDEBUG   -o CMakeFiles/cmTryCompileExec3865094740.dir/CheckIncludeFile.c.o   -c /home/lex/Documents/opencv/build/CMakeFiles/CMakeTmp/CheckIncludeFile.c
Linking C executable cmTryCompileExec3865094740
/usr/bin/cmake -E cmake_link_script CMakeFiles/cmTryCompileExec3865094740.dir/link.txt --verbose=1
/usr/bin/cc     -fsigned-char -W -Wall -Werror=return-type -Werror=address -Werror=sequence-point -Wformat -Werror=format-security -Wmissing-declarations -Wmissing-prototypes -Wstrict-prototypes -Wundef -Winit-self -Wpointer-arith -Wshadow -Wno-narrowing -Wno-array-bounds -Wno-aggressive-loop-optimizations -fdiagnostics-show-option -Wno-long-long -pthread -fomit-frame-pointer -ffast-math -msse -msse2 -msse3 -ffunction-sections  -O3 -DNDEBUG    CMakeFiles/cmTryCompileExec3865094740.dir/CheckIncludeFile.c.o  -o cmTryCompileExec3865094740 -rdynamic 
make[1]: Leaving directory `/home/lex/Documents/opencv/build/CMakeFiles/CMakeTmp'


Determining if the include file stddef.h exists passed with the following output:
Change Dir: /home/lex/Documents/opencv/build/CMakeFiles/CMakeTmp

Run Build Command:/usr/bin/make "cmTryCompileExec1129609124/fast"
/usr/bin/make -f CMakeFiles/cmTryCompileExec1129609124.dir/build.make CMakeFiles/cmTryCompileExec1129609124.dir/build
make[1]: Entering directory `/home/lex/Documents/opencv/build/CMakeFiles/CMakeTmp'
/usr/bin/cmake -E cmake_progress_report /home/lex/Documents/opencv/build/CMakeFiles/CMakeTmp/CMakeFiles 1
Building C object CMakeFiles/cmTryCompileExec1129609124.dir/CheckIncludeFile.c.o
/usr/bin/cc   -fsigned-char -W -Wall -Werror=return-type -Werror=address -Werror=sequence-point -Wformat -Werror=format-security -Wmissing-declarations -Wmissing-prototypes -Wstrict-prototypes -Wundef -Winit-self -Wpointer-arith -Wshadow -Wno-narrowing -Wno-array-bounds -Wno-aggressive-loop-optimizations -fdiagnostics-show-option -Wno-long-long -pthread -fomit-frame-pointer -ffast-math -msse -msse2 -msse3 -ffunction-sections  -O3 -DNDEBUG   -o CMakeFiles/cmTryCompileExec1129609124.dir/CheckIncludeFile.c.o   -c /home/lex/Documents/opencv/build/CMakeFiles/CMakeTmp/CheckIncludeFile.c
Linking C executable cmTryCompileExec1129609124
/usr/bin/cmake -E cmake_link_script CMakeFiles/cmTryCompileExec1129609124.dir/link.txt --verbose=1
/usr/bin/cc     -fsigned-char -W -Wall -Werror=return-type -Werror=address -Werror=sequence-point -Wformat -Werror=format-security -Wmissing-declarations -Wmissing-prototypes -Wstrict-prototypes -Wundef -Winit-self -Wpointer-arith -Wshadow -Wno-narrowing -Wno-array-bounds -Wno-aggressive-loop-optimizations -fdiagnostics-show-option -Wno-long-long -pthread -fomit-frame-pointer -ffast-math -msse -msse2 -msse3 -ffunction-sections  -O3 -DNDEBUG    CMakeFiles/cmTryCompileExec1129609124.dir/CheckIncludeFile.c.o  -o cmTryCompileExec1129609124 -rdynamic 
make[1]: Leaving directory `/home/lex/Documents/opencv/build/CMakeFiles/CMakeTmp'


Determining size of unsigned short passed with the following output:
Change Dir: /home/lex/Documents/opencv/build/CMakeFiles/CMakeTmp

Run Build Command:/usr/bin/make "cmTryCompileExec3005858851/fast"
/usr/bin/make -f CMakeFiles/cmTryCompileExec3005858851.dir/build.make CMakeFiles/cmTryCompileExec3005858851.dir/build
make[1]: Entering directory `/home/lex/Documents/opencv/build/CMakeFiles/CMakeTmp'
/usr/bin/cmake -E cmake_progress_report /home/lex/Documents/opencv/build/CMakeFiles/CMakeTmp/CMakeFiles 1
Building C object CMakeFiles/cmTryCompileExec3005858851.dir/CMAKE_SIZEOF_UNSIGNED_SHORT.c.o
/usr/bin/cc   -fsigned-char -W -Wall -Werror=return-type -Werror=address -Werror=sequence-point -Wformat -Werror=format-security -Wmissing-declarations -Wmissing-prototypes -Wstrict-prototypes -Wundef -Winit-self -Wpointer-arith -Wshadow -Wno-narrowing -Wno-array-bounds -Wno-aggressive-loop-optimizations -fdiagnostics-show-option -Wno-long-long -pthread -fomit-frame-pointer -ffast-math -msse -msse2 -msse3 -ffunction-sections  -O3 -DNDEBUG   -o CMakeFiles/cmTryCompileExec3005858851.dir/CMAKE_SIZEOF_UNSIGNED_SHORT.c.o   -c /home/lex/Documents/opencv/build/CMakeFiles/CheckTypeSize/CMAKE_SIZEOF_UNSIGNED_SHORT.c
Linking C executable cmTryCompileExec3005858851
/usr/bin/cmake -E cmake_link_script CMakeFiles/cmTryCompileExec3005858851.dir/link.txt --verbose=1
/usr/bin/cc     -fsigned-char -W -Wall -Werror=return-type -Werror=address -Werror=sequence-point -Wformat -Werror=format-security -Wmissing-declarations -Wmissing-prototypes -Wstrict-prototypes -Wundef -Winit-self -Wpointer-arith -Wshadow -Wno-narrowing -Wno-array-bounds -Wno-aggressive-loop-optimizations -fdiagnostics-show-option -Wno-long-long -pthread -fomit-frame-pointer -ffast-math -msse -msse2 -msse3 -ffunction-sections  -O3 -DNDEBUG    CMakeFiles/cmTryCompileExec3005858851.dir/CMAKE_SIZEOF_UNSIGNED_SHORT.c.o  -o cmTryCompileExec3005858851 -rdynamic 
make[1]: Leaving directory `/home/lex/Documents/opencv/build/CMakeFiles/CMakeTmp'


Determining if the include file /usr/include/libpng/png.h exists passed with the following output:
Change Dir: /home/lex/Documents/opencv/build/CMakeFiles/CMakeTmp

Run Build Command:/usr/bin/make "cmTryCompileExec1356965113/fast"
/usr/bin/make -f CMakeFiles/cmTryCompileExec1356965113.dir/build.make CMakeFiles/cmTryCompileExec1356965113.dir/build
make[1]: Entering directory `/home/lex/Documents/opencv/build/CMakeFiles/CMakeTmp'
/usr/bin/cmake -E cmake_progress_report /home/lex/Documents/opencv/build/CMakeFiles/CMakeTmp/CMakeFiles 1
Building C object CMakeFiles/cmTryCompileExec1356965113.dir/CheckIncludeFile.c.o
/usr/bin/cc   -fsigned-char -W -Wall -Werror=return-type -Werror=address -Werror=sequence-point -Wformat -Werror=format-security -Wmissing-declarations -Wmissing-prototypes -Wstrict-prototypes -Wundef -Winit-self -Wpointer-arith -Wshadow -Wno-narrowing -Wno-array-bounds -Wno-aggressive-loop-optimizations -fdiagnostics-show-option -Wno-long-long -pthread -fomit-frame-pointer -ffast-math -msse -msse2 -msse3 -ffunction-sections  -O3 -DNDEBUG   -o CMakeFiles/cmTryCompileExec1356965113.dir/CheckIncludeFile.c.o   -c /home/lex/Documents/opencv/build/CMakeFiles/CMakeTmp/CheckIncludeFile.c
Linking C executable cmTryCompileExec1356965113
/usr/bin/cmake -E cmake_link_script CMakeFiles/cmTryCompileExec1356965113.dir/link.txt --verbose=1
/usr/bin/cc     -fsigned-char -W -Wall -Werror=return-type -Werror=address -Werror=sequence-point -Wformat -Werror=format-security -Wmissing-declarations -Wmissing-prototypes -Wstrict-prototypes -Wundef -Winit-self -Wpointer-arith -Wshadow -Wno-narrowing -Wno-array-bounds -Wno-aggressive-loop-optimizations -fdiagnostics-show-option -Wno-long-long -pthread -fomit-frame-pointer -ffast-math -msse -msse2 -msse3 -ffunction-sections  -O3 -DNDEBUG    CMakeFiles/cmTryCompileExec1356965113.dir/CheckIncludeFile.c.o  -o cmTryCompileExec1356965113 -rdynamic 
make[1]: Leaving directory `/home/lex/Documents/opencv/build/CMakeFiles/CMakeTmp'


Determining if the function XOpenDisplay exists in the /usr/lib/x86_64-linux-gnu/libX11.so;/usr/lib/x86_64-linux-gnu/libXext.so passed with the following output:
Change Dir: /home/lex/Documents/opencv/build/CMakeFiles/CMakeTmp

Run Build Command:/usr/bin/make "cmTryCompileExec664244124/fast"
/usr/bin/make -f CMakeFiles/cmTryCompileExec664244124.dir/build.make CMakeFiles/cmTryCompileExec664244124.dir/build
make[1]: Entering directory `/home/lex/Documents/opencv/build/CMakeFiles/CMakeTmp'
/usr/bin/cmake -E cmake_progress_report /home/lex/Documents/opencv/build/CMakeFiles/CMakeTmp/CMakeFiles 1
Building C object CMakeFiles/cmTryCompileExec664244124.dir/CheckFunctionExists.c.o
/usr/bin/cc   -fsigned-char -W -Wall -Werror=return-type -Werror=address -Werror=sequence-point -Wformat -Werror=format-security -Wmissing-declarations -Wmissing-prototypes -Wstrict-prototypes -Wundef -Winit-self -Wpointer-arith -Wshadow -Wno-narrowing -Wno-array-bounds -Wno-aggressive-loop-optimizations -fdiagnostics-show-option -Wno-long-long -pthread -fomit-frame-pointer -ffast-math -msse -msse2 -msse3 -ffunction-sections -DCHECK_FUNCTION_EXISTS=XOpenDisplay -O3 -DNDEBUG   -o CMakeFiles/cmTryCompileExec664244124.dir/CheckFunctionExists.c.o   -c /usr/share/cmake-2.8/Modules/CheckFunctionExists.c
/usr/share/cmake-2.8/Modules/CheckFunctionExists.c:3:1: warning: function declaration isn’t a prototype [-Wstrict-prototypes]
 char CHECK_FUNCTION_EXISTS();
 ^
Linking C executable cmTryCompileExec664244124
/usr/bin/cmake -E cmake_link_script CMakeFiles/cmTryCompileExec664244124.dir/link.txt --verbose=1
/usr/bin/cc     -fsigned-char -W -Wall -Werror=return-type -Werror=address -Werror=sequence-point -Wformat -Werror=format-security -Wmissing-declarations -Wmissing-prototypes -Wstrict-prototypes -Wundef -Winit-self -Wpointer-arith -Wshadow -Wno-narrowing -Wno-array-bounds -Wno-aggressive-loop-optimizations -fdiagnostics-show-option -Wno-long-long -pthread -fomit-frame-pointer -ffast-math -msse -msse2 -msse3 -ffunction-sections -DCHECK_FUNCTION_EXISTS=XOpenDisplay -O3 -DNDEBUG    CMakeFiles/cmTryCompileExec664244124.dir/CheckFunctionExists.c.o  -o cmTryCompileExec664244124 -rdynamic -lX11 -lXext 
make[1]: Leaving directory `/home/lex/Documents/opencv/build/CMakeFiles/CMakeTmp'


Determining if the function gethostbyname exists passed with the following output:
Change Dir: /home/lex/Documents/opencv/build/CMakeFiles/CMakeTmp

Run Build Command:/usr/bin/make "cmTryCompileExec2563304547/fast"
/usr/bin/make -f CMakeFiles/cmTryCompileExec2563304547.dir/build.make CMakeFiles/cmTryCompileExec2563304547.dir/build
make[1]: Entering directory `/home/lex/Documents/opencv/build/CMakeFiles/CMakeTmp'
/usr/bin/cmake -E cmake_progress_report /home/lex/Documents/opencv/build/CMakeFiles/CMakeTmp/CMakeFiles 1
Building C object CMakeFiles/cmTryCompileExec2563304547.dir/CheckFunctionExists.c.o
/usr/bin/cc   -fsigned-char -W -Wall -Werror=return-type -Werror=address -Werror=sequence-point -Wformat -Werror=format-security -Wmissing-declarations -Wmissing-prototypes -Wstrict-prototypes -Wundef -Winit-self -Wpointer-arith -Wshadow -Wno-narrowing -Wno-array-bounds -Wno-aggressive-loop-optimizations -fdiagnostics-show-option -Wno-long-long -pthread -fomit-frame-pointer -ffast-math -msse -msse2 -msse3 -ffunction-sections -DCHECK_FUNCTION_EXISTS=gethostbyname -O3 -DNDEBUG   -o CMakeFiles/cmTryCompileExec2563304547.dir/CheckFunctionExists.c.o   -c /usr/share/cmake-2.8/Modules/CheckFunctionExists.c
/usr/share/cmake-2.8/Modules/CheckFunctionExists.c:3:1: warning: function declaration isn’t a prototype [-Wstrict-prototypes]
 char CHECK_FUNCTION_EXISTS();
 ^
Linking C executable cmTryCompileExec2563304547
/usr/bin/cmake -E cmake_link_script CMakeFiles/cmTryCompileExec2563304547.dir/link.txt --verbose=1
/usr/bin/cc     -fsigned-char -W -Wall -Werror=return-type -Werror=address -Werror=sequence-point -Wformat -Werror=format-security -Wmissing-declarations -Wmissing-prototypes -Wstrict-prototypes -Wundef -Winit-self -Wpointer-arith -Wshadow -Wno-narrowing -Wno-array-bounds -Wno-aggressive-loop-optimizations -fdiagnostics-show-option -Wno-long-long -pthread -fomit-frame-pointer -ffast-math -msse -msse2 -msse3 -ffunction-sections -DCHECK_FUNCTION_EXISTS=gethostbyname -O3 -DNDEBUG    CMakeFiles/cmTryCompileExec2563304547.dir/CheckFunctionExists.c.o  -o cmTryCompileExec2563304547 -rdynamic 
make[1]: Leaving directory `/home/lex/Documents/opencv/build/CMakeFiles/CMakeTmp'


Determining if the function connect exists passed with the following output:
Change Dir: /home/lex/Documents/opencv/build/CMakeFiles/CMakeTmp

Run Build Command:/usr/bin/make "cmTryCompileExec1313962739/fast"
/usr/bin/make -f CMakeFiles/cmTryCompileExec1313962739.dir/build.make CMakeFiles/cmTryCompileExec1313962739.dir/build
make[1]: Entering directory `/home/lex/Documents/opencv/build/CMakeFiles/CMakeTmp'
/usr/bin/cmake -E cmake_progress_report /home/lex/Documents/opencv/build/CMakeFiles/CMakeTmp/CMakeFiles 1
Building C object CMakeFiles/cmTryCompileExec1313962739.dir/CheckFunctionExists.c.o
/usr/bin/cc   -fsigned-char -W -Wall -Werror=return-type -Werror=address -Werror=sequence-point -Wformat -Werror=format-security -Wmissing-declarations -Wmissing-prototypes -Wstrict-prototypes -Wundef -Winit-self -Wpointer-arith -Wshadow -Wno-narrowing -Wno-array-bounds -Wno-aggressive-loop-optimizations -fdiagnostics-show-option -Wno-long-long -pthread -fomit-frame-pointer -ffast-math -msse -msse2 -msse3 -ffunction-sections -DCHECK_FUNCTION_EXISTS=connect -O3 -DNDEBUG   -o CMakeFiles/cmTryCompileExec1313962739.dir/CheckFunctionExists.c.o   -c /usr/share/cmake-2.8/Modules/CheckFunctionExists.c
/usr/share/cmake-2.8/Modules/CheckFunctionExists.c:3:1: warning: function declaration isn’t a prototype [-Wstrict-prototypes]
 char CHECK_FUNCTION_EXISTS();
 ^
Linking C executable cmTryCompileExec1313962739
/usr/bin/cmake -E cmake_link_script CMakeFiles/cmTryCompileExec1313962739.dir/link.txt --verbose=1
/usr/bin/cc     -fsigned-char -W -Wall -Werror=return-type -Werror=address -Werror=sequence-point -Wformat -Werror=format-security -Wmissing-declarations -Wmissing-prototypes -Wstrict-prototypes -Wundef -Winit-self -Wpointer-arith -Wshadow -Wno-narrowing -Wno-array-bounds -Wno-aggressive-loop-optimizations -fdiagnostics-show-option -Wno-long-long -pthread -fomit-frame-pointer -ffast-math -msse -msse2 -msse3 -ffunction-sections -DCHECK_FUNCTION_EXISTS=connect -O3 -DNDEBUG    CMakeFiles/cmTryCompileExec1313962739.dir/CheckFunctionExists.c.o  -o cmTryCompileExec1313962739 -rdynamic 
make[1]: Leaving directory `/home/lex/Documents/opencv/build/CMakeFiles/CMakeTmp'


Determining if the function remove exists passed with the following output:
Change Dir: /home/lex/Documents/opencv/build/CMakeFiles/CMakeTmp

Run Build Command:/usr/bin/make "cmTryCompileExec738918568/fast"
/usr/bin/make -f CMakeFiles/cmTryCompileExec738918568.dir/build.make CMakeFiles/cmTryCompileExec738918568.dir/build
make[1]: Entering directory `/home/lex/Documents/opencv/build/CMakeFiles/CMakeTmp'
/usr/bin/cmake -E cmake_progress_report /home/lex/Documents/opencv/build/CMakeFiles/CMakeTmp/CMakeFiles 1
Building C object CMakeFiles/cmTryCompileExec738918568.dir/CheckFunctionExists.c.o
/usr/bin/cc   -fsigned-char -W -Wall -Werror=return-type -Werror=address -Werror=sequence-point -Wformat -Werror=format-security -Wmissing-declarations -Wmissing-prototypes -Wstrict-prototypes -Wundef -Winit-self -Wpointer-arith -Wshadow -Wno-narrowing -Wno-array-bounds -Wno-aggressive-loop-optimizations -fdiagnostics-show-option -Wno-long-long -pthread -fomit-frame-pointer -ffast-math -msse -msse2 -msse3 -ffunction-sections -DCHECK_FUNCTION_EXISTS=remove -O3 -DNDEBUG   -o CMakeFiles/cmTryCompileExec738918568.dir/CheckFunctionExists.c.o   -c /usr/share/cmake-2.8/Modules/CheckFunctionExists.c
/usr/share/cmake-2.8/Modules/CheckFunctionExists.c:3:1: warning: function declaration isn’t a prototype [-Wstrict-prototypes]
 char CHECK_FUNCTION_EXISTS();
 ^
Linking C executable cmTryCompileExec738918568
/usr/bin/cmake -E cmake_link_script CMakeFiles/cmTryCompileExec738918568.dir/link.txt --verbose=1
/usr/bin/cc     -fsigned-char -W -Wall -Werror=return-type -Werror=address -Werror=sequence-point -Wformat -Werror=format-security -Wmissing-declarations -Wmissing-prototypes -Wstrict-prototypes -Wundef -Winit-self -Wpointer-arith -Wshadow -Wno-narrowing -Wno-array-bounds -Wno-aggressive-loop-optimizations -fdiagnostics-show-option -Wno-long-long -pthread -fomit-frame-pointer -ffast-math -msse -msse2 -msse3 -ffunction-sections -DCHECK_FUNCTION_EXISTS=remove -O3 -DNDEBUG    CMakeFiles/cmTryCompileExec738918568.dir/CheckFunctionExists.c.o  -o cmTryCompileExec738918568 -rdynamic 
make[1]: Leaving directory `/home/lex/Documents/opencv/build/CMakeFiles/CMakeTmp'


Determining if the function shmat exists passed with the following output:
Change Dir: /home/lex/Documents/opencv/build/CMakeFiles/CMakeTmp

Run Build Command:/usr/bin/make "cmTryCompileExec163629218/fast"
/usr/bin/make -f CMakeFiles/cmTryCompileExec163629218.dir/build.make CMakeFiles/cmTryCompileExec163629218.dir/build
make[1]: Entering directory `/home/lex/Documents/opencv/build/CMakeFiles/CMakeTmp'
/usr/bin/cmake -E cmake_progress_report /home/lex/Documents/opencv/build/CMakeFiles/CMakeTmp/CMakeFiles 1
Building C object CMakeFiles/cmTryCompileExec163629218.dir/CheckFunctionExists.c.o
/usr/bin/cc   -fsigned-char -W -Wall -Werror=return-type -Werror=address -Werror=sequence-point -Wformat -Werror=format-security -Wmissing-declarations -Wmissing-prototypes -Wstrict-prototypes -Wundef -Winit-self -Wpointer-arith -Wshadow -Wno-narrowing -Wno-array-bounds -Wno-aggressive-loop-optimizations -fdiagnostics-show-option -Wno-long-long -pthread -fomit-frame-pointer -ffast-math -msse -msse2 -msse3 -ffunction-sections -DCHECK_FUNCTION_EXISTS=shmat -O3 -DNDEBUG   -o CMakeFiles/cmTryCompileExec163629218.dir/CheckFunctionExists.c.o   -c /usr/share/cmake-2.8/Modules/CheckFunctionExists.c
/usr/share/cmake-2.8/Modules/CheckFunctionExists.c:3:1: warning: function declaration isn’t a prototype [-Wstrict-prototypes]
 char CHECK_FUNCTION_EXISTS();
 ^
Linking C executable cmTryCompileExec163629218
/usr/bin/cmake -E cmake_link_script CMakeFiles/cmTryCompileExec163629218.dir/link.txt --verbose=1
/usr/bin/cc     -fsigned-char -W -Wall -Werror=return-type -Werror=address -Werror=sequence-point -Wformat -Werror=format-security -Wmissing-declarations -Wmissing-prototypes -Wstrict-prototypes -Wundef -Winit-self -Wpointer-arith -Wshadow -Wno-narrowing -Wno-array-bounds -Wno-aggressive-loop-optimizations -fdiagnostics-show-option -Wno-long-long -pthread -fomit-frame-pointer -ffast-math -msse -msse2 -msse3 -ffunction-sections -DCHECK_FUNCTION_EXISTS=shmat -O3 -DNDEBUG    CMakeFiles/cmTryCompileExec163629218.dir/CheckFunctionExists.c.o  -o cmTryCompileExec163629218 -rdynamic 
make[1]: Leaving directory `/home/lex/Documents/opencv/build/CMakeFiles/CMakeTmp'


Determining if the function IceConnectionNumber exists in the ICE passed with the following output:
Change Dir: /home/lex/Documents/opencv/build/CMakeFiles/CMakeTmp

Run Build Command:/usr/bin/make "cmTryCompileExec3152729712/fast"
/usr/bin/make -f CMakeFiles/cmTryCompileExec3152729712.dir/build.make CMakeFiles/cmTryCompileExec3152729712.dir/build
make[1]: Entering directory `/home/lex/Documents/opencv/build/CMakeFiles/CMakeTmp'
/usr/bin/cmake -E cmake_progress_report /home/lex/Documents/opencv/build/CMakeFiles/CMakeTmp/CMakeFiles 1
Building C object CMakeFiles/cmTryCompileExec3152729712.dir/CheckFunctionExists.c.o
/usr/bin/cc   -fsigned-char -W -Wall -Werror=return-type -Werror=address -Werror=sequence-point -Wformat -Werror=format-security -Wmissing-declarations -Wmissing-prototypes -Wstrict-prototypes -Wundef -Winit-self -Wpointer-arith -Wshadow -Wno-narrowing -Wno-array-bounds -Wno-aggressive-loop-optimizations -fdiagnostics-show-option -Wno-long-long -pthread -fomit-frame-pointer -ffast-math -msse -msse2 -msse3 -ffunction-sections -DCHECK_FUNCTION_EXISTS=IceConnectionNumber -O3 -DNDEBUG   -o CMakeFiles/cmTryCompileExec3152729712.dir/CheckFunctionExists.c.o   -c /usr/share/cmake-2.8/Modules/CheckFunctionExists.c
/usr/share/cmake-2.8/Modules/CheckFunctionExists.c:3:1: warning: function declaration isn’t a prototype [-Wstrict-prototypes]
 char CHECK_FUNCTION_EXISTS();
 ^
Linking C executable cmTryCompileExec3152729712
/usr/bin/cmake -E cmake_link_script CMakeFiles/cmTryCompileExec3152729712.dir/link.txt --verbose=1
/usr/bin/cc     -fsigned-char -W -Wall -Werror=return-type -Werror=address -Werror=sequence-point -Wformat -Werror=format-security -Wmissing-declarations -Wmissing-prototypes -Wstrict-prototypes -Wundef -Winit-self -Wpointer-arith -Wshadow -Wno-narrowing -Wno-array-bounds -Wno-aggressive-loop-optimizations -fdiagnostics-show-option -Wno-long-long -pthread -fomit-frame-pointer -ffast-math -msse -msse2 -msse3 -ffunction-sections -DCHECK_FUNCTION_EXISTS=IceConnectionNumber -O3 -DNDEBUG    CMakeFiles/cmTryCompileExec3152729712.dir/CheckFunctionExists.c.o  -o cmTryCompileExec3152729712 -rdynamic -lICE 
make[1]: Leaving directory `/home/lex/Documents/opencv/build/CMakeFiles/CMakeTmp'


Determining if the include file linux/videodev2.h exists passed with the following output:
Change Dir: /home/lex/Documents/opencv/build/CMakeFiles/CMakeTmp

Run Build Command:/usr/bin/make "cmTryCompileExec1608012244/fast"
/usr/bin/make -f CMakeFiles/cmTryCompileExec1608012244.dir/build.make CMakeFiles/cmTryCompileExec1608012244.dir/build
make[1]: Entering directory `/home/lex/Documents/opencv/build/CMakeFiles/CMakeTmp'
/usr/bin/cmake -E cmake_progress_report /home/lex/Documents/opencv/build/CMakeFiles/CMakeTmp/CMakeFiles 1
Building C object CMakeFiles/cmTryCompileExec1608012244.dir/CheckIncludeFile.c.o
/usr/bin/cc   -fsigned-char -W -Wall -Werror=return-type -Werror=address -Werror=sequence-point -Wformat -Werror=format-security -Wmissing-declarations -Wmissing-prototypes -Wstrict-prototypes -Wundef -Winit-self -Wpointer-arith -Wshadow -Wno-narrowing -Wno-array-bounds -Wno-aggressive-loop-optimizations -fdiagnostics-show-option -Wno-long-long -pthread -fomit-frame-pointer -ffast-math -msse -msse2 -msse3 -ffunction-sections  -O3 -DNDEBUG   -o CMakeFiles/cmTryCompileExec1608012244.dir/CheckIncludeFile.c.o   -c /home/lex/Documents/opencv/build/CMakeFiles/CMakeTmp/CheckIncludeFile.c
Linking C executable cmTryCompileExec1608012244
/usr/bin/cmake -E cmake_link_script CMakeFiles/cmTryCompileExec1608012244.dir/link.txt --verbose=1
/usr/bin/cc     -fsigned-char -W -Wall -Werror=return-type -Werror=address -Werror=sequence-point -Wformat -Werror=format-security -Wmissing-declarations -Wmissing-prototypes -Wstrict-prototypes -Wundef -Winit-self -Wpointer-arith -Wshadow -Wno-narrowing -Wno-array-bounds -Wno-aggressive-loop-optimizations -fdiagnostics-show-option -Wno-long-long -pthread -fomit-frame-pointer -ffast-math -msse -msse2 -msse3 -ffunction-sections  -O3 -DNDEBUG    CMakeFiles/cmTryCompileExec1608012244.dir/CheckIncludeFile.c.o  -o cmTryCompileExec1608012244 -rdynamic 
make[1]: Leaving directory `/home/lex/Documents/opencv/build/CMakeFiles/CMakeTmp'


Determining if the include file libavformat/avformat.h exists passed with the following output:
Change Dir: /home/lex/Documents/opencv/build/CMakeFiles/CMakeTmp

Run Build Command:/usr/bin/make "cmTryCompileExec298129527/fast"
/usr/bin/make -f CMakeFiles/cmTryCompileExec298129527.dir/build.make CMakeFiles/cmTryCompileExec298129527.dir/build
make[1]: Entering directory `/home/lex/Documents/opencv/build/CMakeFiles/CMakeTmp'
/usr/bin/cmake -E cmake_progress_report /home/lex/Documents/opencv/build/CMakeFiles/CMakeTmp/CMakeFiles 1
Building C object CMakeFiles/cmTryCompileExec298129527.dir/CheckIncludeFile.c.o
/usr/bin/cc   -fsigned-char -W -Wall -Werror=return-type -Werror=address -Werror=sequence-point -Wformat -Werror=format-security -Wmissing-declarations -Wmissing-prototypes -Wstrict-prototypes -Wundef -Winit-self -Wpointer-arith -Wshadow -Wno-narrowing -Wno-array-bounds -Wno-aggressive-loop-optimizations -fdiagnostics-show-option -Wno-long-long -pthread -fomit-frame-pointer -ffast-math -msse -msse2 -msse3 -ffunction-sections  -O3 -DNDEBUG   -o CMakeFiles/cmTryCompileExec298129527.dir/CheckIncludeFile.c.o   -c /home/lex/Documents/opencv/build/CMakeFiles/CMakeTmp/CheckIncludeFile.c
Linking C executable cmTryCompileExec298129527
/usr/bin/cmake -E cmake_link_script CMakeFiles/cmTryCompileExec298129527.dir/link.txt --verbose=1
/usr/bin/cc     -fsigned-char -W -Wall -Werror=return-type -Werror=address -Werror=sequence-point -Wformat -Werror=format-security -Wmissing-declarations -Wmissing-prototypes -Wstrict-prototypes -Wundef -Winit-self -Wpointer-arith -Wshadow -Wno-narrowing -Wno-array-bounds -Wno-aggressive-loop-optimizations -fdiagnostics-show-option -Wno-long-long -pthread -fomit-frame-pointer -ffast-math -msse -msse2 -msse3 -ffunction-sections  -O3 -DNDEBUG    CMakeFiles/cmTryCompileExec298129527.dir/CheckIncludeFile.c.o  -o cmTryCompileExec298129527 -rdynamic 
make[1]: Leaving directory `/home/lex/Documents/opencv/build/CMakeFiles/CMakeTmp'


Performing C SOURCE FILE Test OpenMP_FLAG_DETECTED succeded with the following output:
Change Dir: /home/lex/Documents/opencv/build/CMakeFiles/CMakeTmp

Run Build Command:/usr/bin/make "cmTryCompileExec1579085584/fast"
/usr/bin/make -f CMakeFiles/cmTryCompileExec1579085584.dir/build.make CMakeFiles/cmTryCompileExec1579085584.dir/build
make[1]: Entering directory `/home/lex/Documents/opencv/build/CMakeFiles/CMakeTmp'
/usr/bin/cmake -E cmake_progress_report /home/lex/Documents/opencv/build/CMakeFiles/CMakeTmp/CMakeFiles 1
Building C object CMakeFiles/cmTryCompileExec1579085584.dir/src.c.o
/usr/bin/cc   -fsigned-char -W -Wall -Werror=return-type -Werror=address -Werror=sequence-point -Wformat -Werror=format-security -Wmissing-declarations -Wmissing-prototypes -Wstrict-prototypes -Wundef -Winit-self -Wpointer-arith -Wshadow -Wno-narrowing -Wno-array-bounds -Wno-aggressive-loop-optimizations -fdiagnostics-show-option -Wno-long-long -pthread -fomit-frame-pointer -ffast-math -msse -msse2 -msse3 -ffunction-sections -DOpenMP_FLAG_DETECTED -fopenmp -O3 -DNDEBUG   -o CMakeFiles/cmTryCompileExec1579085584.dir/src.c.o   -c /home/lex/Documents/opencv/build/CMakeFiles/CMakeTmp/src.c
/home/lex/Documents/opencv/build/CMakeFiles/CMakeTmp/src.c:3:5: warning: function declaration isn’t a prototype [-Wstrict-prototypes]
 int main() {
     ^
Linking C executable cmTryCompileExec1579085584
/usr/bin/cmake -E cmake_link_script CMakeFiles/cmTryCompileExec1579085584.dir/link.txt --verbose=1
/usr/bin/cc     -fsigned-char -W -Wall -Werror=return-type -Werror=address -Werror=sequence-point -Wformat -Werror=format-security -Wmissing-declarations -Wmissing-prototypes -Wstrict-prototypes -Wundef -Winit-self -Wpointer-arith -Wshadow -Wno-narrowing -Wno-array-bounds -Wno-aggressive-loop-optimizations -fdiagnostics-show-option -Wno-long-long -pthread -fomit-frame-pointer -ffast-math -msse -msse2 -msse3 -ffunction-sections -DOpenMP_FLAG_DETECTED -fopenmp -O3 -DNDEBUG    CMakeFiles/cmTryCompileExec1579085584.dir/src.c.o  -o cmTryCompileExec1579085584 -rdynamic 
make[1]: Leaving directory `/home/lex/Documents/opencv/build/CMakeFiles/CMakeTmp'

Source file was:

#include <omp.h>
int main() {
#ifdef _OPENMP
  return 0;
#else
  breaks_on_purpose
#endif
}

Performing C++ SOURCE FILE Test OpenMP_FLAG_DETECTED succeded with the following output:
Change Dir: /home/lex/Documents/opencv/build/CMakeFiles/CMakeTmp

Run Build Command:/usr/bin/make "cmTryCompileExec645330144/fast"
/usr/bin/make -f CMakeFiles/cmTryCompileExec645330144.dir/build.make CMakeFiles/cmTryCompileExec645330144.dir/build
make[1]: Entering directory `/home/lex/Documents/opencv/build/CMakeFiles/CMakeTmp'
/usr/bin/cmake -E cmake_progress_report /home/lex/Documents/opencv/build/CMakeFiles/CMakeTmp/CMakeFiles 1
Building CXX object CMakeFiles/cmTryCompileExec645330144.dir/src.cxx.o
/usr/bin/c++    -fsigned-char -W -Wall -Werror=return-type -Werror=address -Werror=sequence-point -Wformat -Werror=format-security -Wmissing-declarations -Wundef -Winit-self -Wpointer-arith -Wshadow -Wsign-promo -Wno-narrowing -Wno-delete-non-virtual-dtor -Wno-array-bounds -Wno-aggressive-loop-optimizations -fdiagnostics-show-option -Wno-long-long -pthread -fomit-frame-pointer -ffast-math -msse -msse2 -msse3 -ffunction-sections -DOpenMP_FLAG_DETECTED -fopenmp -O3 -DNDEBUG   -o CMakeFiles/cmTryCompileExec645330144.dir/src.cxx.o -c /home/lex/Documents/opencv/build/CMakeFiles/CMakeTmp/src.cxx
Linking CXX executable cmTryCompileExec645330144
/usr/bin/cmake -E cmake_link_script CMakeFiles/cmTryCompileExec645330144.dir/link.txt --verbose=1
/usr/bin/c++      -fsigned-char -W -Wall -Werror=return-type -Werror=address -Werror=sequence-point -Wformat -Werror=format-security -Wmissing-declarations -Wundef -Winit-self -Wpointer-arith -Wshadow -Wsign-promo -Wno-narrowing -Wno-delete-non-virtual-dtor -Wno-array-bounds -Wno-aggressive-loop-optimizations -fdiagnostics-show-option -Wno-long-long -pthread -fomit-frame-pointer -ffast-math -msse -msse2 -msse3 -ffunction-sections -DOpenMP_FLAG_DETECTED -fopenmp -O3 -DNDEBUG    CMakeFiles/cmTryCompileExec645330144.dir/src.cxx.o  -o cmTryCompileExec645330144 -rdynamic 
make[1]: Leaving directory `/home/lex/Documents/opencv/build/CMakeFiles/CMakeTmp'

Source file was:

#include <omp.h>
int main() {
#ifdef _OPENMP
  return 0;
#else
  breaks_on_purpose
#endif
}

